[2026-02-15T11:04:39.419+0000] {local_task_job_runner.py:120} INFO - ::group::Pre task execution logs
[2026-02-15T11:04:39.546+0000] {taskinstance.py:2076} INFO - Dependencies all met for dep_context=non-requeueable deps ti=<TaskInstance: spotify_minio_to_snowflake_bronze.load_raw_to_snowflake scheduled__2026-02-15T10:00:00+00:00 [queued]>
[2026-02-15T11:04:39.582+0000] {taskinstance.py:2076} INFO - Dependencies all met for dep_context=requeueable deps ti=<TaskInstance: spotify_minio_to_snowflake_bronze.load_raw_to_snowflake scheduled__2026-02-15T10:00:00+00:00 [queued]>
[2026-02-15T11:04:39.585+0000] {taskinstance.py:2306} INFO - Starting attempt 1 of 2
[2026-02-15T11:04:39.649+0000] {taskinstance.py:2330} INFO - Executing <Task(PythonOperator): load_raw_to_snowflake> on 2026-02-15 10:00:00+00:00
[2026-02-15T11:04:39.727+0000] {standard_task_runner.py:90} INFO - Running: ['airflow', 'tasks', 'run', 'spotify_minio_to_snowflake_bronze', 'load_raw_to_snowflake', 'scheduled__2026-02-15T10:00:00+00:00', '--job-id', '5', '--raw', '--subdir', 'DAGS_FOLDER/minio_to_snowflake.py', '--cfg-path', '/tmp/tmpb46qlk4y']
[2026-02-15T11:04:39.737+0000] {standard_task_runner.py:91} INFO - Job 5: Subtask load_raw_to_snowflake
[2026-02-15T11:04:39.738+0000] {logging_mixin.py:188} WARNING - /home/airflow/.local/lib/python3.12/site-packages/airflow/task/task_runner/standard_task_runner.py:62 DeprecationWarning: This process (pid=254) is multi-threaded, use of fork() may lead to deadlocks in the child.
[2026-02-15T11:04:39.741+0000] {standard_task_runner.py:64} INFO - Started process 257 to run task
[2026-02-15T11:04:40.005+0000] {task_command.py:426} INFO - Running <TaskInstance: spotify_minio_to_snowflake_bronze.load_raw_to_snowflake scheduled__2026-02-15T10:00:00+00:00 [running]> on host d4827e0e990b
[2026-02-15T11:04:40.362+0000] {taskinstance.py:2648} INFO - Exporting env vars: AIRFLOW_CTX_DAG_OWNER='airflow' AIRFLOW_CTX_DAG_ID='spotify_minio_to_snowflake_bronze' AIRFLOW_CTX_TASK_ID='load_raw_to_snowflake' AIRFLOW_CTX_EXECUTION_DATE='2026-02-15T10:00:00+00:00' AIRFLOW_CTX_TRY_NUMBER='1' AIRFLOW_CTX_DAG_RUN_ID='scheduled__2026-02-15T10:00:00+00:00'
[2026-02-15T11:04:40.366+0000] {taskinstance.py:430} INFO - ::endgroup::
[2026-02-15T11:04:40.460+0000] {connection.py:408} INFO - Snowflake Connector for Python Version: 3.11.0, Python Version: 3.12.4, Platform: Linux-5.15.146.1-microsoft-standard-WSL2-x86_64-with-glibc2.36
[2026-02-15T11:04:40.462+0000] {connection.py:1258} INFO - This connection is in OCSP Fail Open Mode. TLS Certificates would be checked for validity and revocation status. Any other Certificate Revocation related exceptions or OCSP Responder failures would be disregarded in favor of connectivity.
[2026-02-15T11:04:53.429+0000] {cursor.py:1149} INFO - Number of results in first chunk: 1
[2026-02-15T11:04:53.735+0000] {cursor.py:1149} INFO - Number of results in first chunk: 1
[2026-02-15T11:04:54.142+0000] {cursor.py:1149} INFO - Number of results in first chunk: 1
[2026-02-15T11:05:18.446+0000] {cursor.py:1149} INFO - Number of results in first chunk: 1
[2026-02-15T11:05:18.446+0000] {connection.py:773} INFO - closed
[2026-02-15T11:05:18.780+0000] {connection.py:779} INFO - No async queries seem to be running, deleting session
[2026-02-15T11:05:19.119+0000] {logging_mixin.py:188} INFO - ✅ Loaded 30 raw records into Snowflake table: SPOTIFY_EVENTS_BRONZE
[2026-02-15T11:05:19.136+0000] {python.py:237} INFO - Done. Returned value was: None
[2026-02-15T11:05:19.137+0000] {taskinstance.py:441} INFO - ::group::Post task execution logs
[2026-02-15T11:05:19.157+0000] {taskinstance.py:1206} INFO - Marking task as SUCCESS. dag_id=spotify_minio_to_snowflake_bronze, task_id=load_raw_to_snowflake, run_id=scheduled__2026-02-15T10:00:00+00:00, execution_date=20260215T100000, start_date=20260215T110439, end_date=20260215T110519
[2026-02-15T11:05:19.200+0000] {local_task_job_runner.py:243} INFO - Task exited with return code 0
[2026-02-15T11:05:19.226+0000] {taskinstance.py:3503} INFO - 0 downstream tasks scheduled from follow-on schedule check
[2026-02-15T11:05:19.231+0000] {local_task_job_runner.py:222} INFO - ::endgroup::
[2026-02-15T11:53:53.344+0000] {local_task_job_runner.py:120} INFO - ::group::Pre task execution logs
[2026-02-15T11:53:53.501+0000] {taskinstance.py:2076} INFO - Dependencies all met for dep_context=non-requeueable deps ti=<TaskInstance: spotify_minio_to_snowflake_bronze.load_raw_to_snowflake scheduled__2026-02-15T10:00:00+00:00 [queued]>
[2026-02-15T11:53:53.537+0000] {taskinstance.py:2076} INFO - Dependencies all met for dep_context=requeueable deps ti=<TaskInstance: spotify_minio_to_snowflake_bronze.load_raw_to_snowflake scheduled__2026-02-15T10:00:00+00:00 [queued]>
[2026-02-15T11:53:53.539+0000] {taskinstance.py:2306} INFO - Starting attempt 1 of 2
[2026-02-15T11:53:53.600+0000] {taskinstance.py:2330} INFO - Executing <Task(PythonOperator): load_raw_to_snowflake> on 2026-02-15 10:00:00+00:00
[2026-02-15T11:53:53.662+0000] {standard_task_runner.py:90} INFO - Running: ['airflow', 'tasks', 'run', 'spotify_minio_to_snowflake_bronze', 'load_raw_to_snowflake', 'scheduled__2026-02-15T10:00:00+00:00', '--job-id', '11', '--raw', '--subdir', 'DAGS_FOLDER/minio_to_snowflake.py', '--cfg-path', '/tmp/tmpg6y_53pq']
[2026-02-15T11:53:53.673+0000] {standard_task_runner.py:91} INFO - Job 11: Subtask load_raw_to_snowflake
[2026-02-15T11:53:53.691+0000] {logging_mixin.py:188} WARNING - /home/airflow/.local/lib/python3.12/site-packages/airflow/task/task_runner/standard_task_runner.py:62 DeprecationWarning: This process (pid=851) is multi-threaded, use of fork() may lead to deadlocks in the child.
[2026-02-15T11:53:53.694+0000] {standard_task_runner.py:64} INFO - Started process 861 to run task
[2026-02-15T11:53:54.011+0000] {task_command.py:426} INFO - Running <TaskInstance: spotify_minio_to_snowflake_bronze.load_raw_to_snowflake scheduled__2026-02-15T10:00:00+00:00 [running]> on host d4827e0e990b
[2026-02-15T11:53:54.675+0000] {taskinstance.py:2648} INFO - Exporting env vars: AIRFLOW_CTX_DAG_OWNER='airflow' AIRFLOW_CTX_DAG_ID='spotify_minio_to_snowflake_bronze' AIRFLOW_CTX_TASK_ID='load_raw_to_snowflake' AIRFLOW_CTX_EXECUTION_DATE='2026-02-15T10:00:00+00:00' AIRFLOW_CTX_TRY_NUMBER='1' AIRFLOW_CTX_DAG_RUN_ID='scheduled__2026-02-15T10:00:00+00:00'
[2026-02-15T11:53:54.681+0000] {taskinstance.py:430} INFO - ::endgroup::
[2026-02-15T11:53:54.850+0000] {connection.py:408} INFO - Snowflake Connector for Python Version: 3.11.0, Python Version: 3.12.4, Platform: Linux-5.15.146.1-microsoft-standard-WSL2-x86_64-with-glibc2.36
[2026-02-15T11:53:54.854+0000] {connection.py:1258} INFO - This connection is in OCSP Fail Open Mode. TLS Certificates would be checked for validity and revocation status. Any other Certificate Revocation related exceptions or OCSP Responder failures would be disregarded in favor of connectivity.
[2026-02-15T11:53:58.389+0000] {cursor.py:1149} INFO - Number of results in first chunk: 1
[2026-02-15T11:53:58.627+0000] {cursor.py:1149} INFO - Number of results in first chunk: 1
[2026-02-15T11:53:59.047+0000] {cursor.py:1149} INFO - Number of results in first chunk: 1
[2026-02-15T11:53:59.397+0000] {cursor.py:1149} INFO - Number of results in first chunk: 1
[2026-02-15T11:54:50.413+0000] {cursor.py:1149} INFO - Number of results in first chunk: 1
[2026-02-15T11:54:50.898+0000] {cursor.py:1149} INFO - Number of results in first chunk: 1
[2026-02-15T11:54:51.114+0000] {cursor.py:1149} INFO - Number of results in first chunk: 1
[2026-02-15T11:54:51.118+0000] {connection.py:773} INFO - closed
[2026-02-15T11:54:51.368+0000] {connection.py:779} INFO - No async queries seem to be running, deleting session
[2026-02-15T11:54:51.563+0000] {logging_mixin.py:188} INFO - Processed 90 events from MinIO
[2026-02-15T11:54:51.567+0000] {logging_mixin.py:188} INFO - Inserted 0 new records into Snowflake table: SPOTIFY_EVENTS_BRONZE
[2026-02-15T11:54:51.570+0000] {logging_mixin.py:188} INFO - ℹSkipped 90 duplicate records
[2026-02-15T11:54:51.572+0000] {python.py:237} INFO - Done. Returned value was: None
[2026-02-15T11:54:51.573+0000] {taskinstance.py:441} INFO - ::group::Post task execution logs
[2026-02-15T11:54:51.628+0000] {taskinstance.py:1206} INFO - Marking task as SUCCESS. dag_id=spotify_minio_to_snowflake_bronze, task_id=load_raw_to_snowflake, run_id=scheduled__2026-02-15T10:00:00+00:00, execution_date=20260215T100000, start_date=20260215T115353, end_date=20260215T115451
[2026-02-15T11:54:51.750+0000] {local_task_job_runner.py:243} INFO - Task exited with return code 0
[2026-02-15T11:54:51.854+0000] {taskinstance.py:3503} INFO - 0 downstream tasks scheduled from follow-on schedule check
[2026-02-15T11:54:51.872+0000] {local_task_job_runner.py:222} INFO - ::endgroup::
