[2026-02-15T14:00:48.787+0000] {local_task_job_runner.py:120} INFO - ::group::Pre task execution logs
[2026-02-15T14:00:49.171+0000] {taskinstance.py:2076} INFO - Dependencies all met for dep_context=non-requeueable deps ti=<TaskInstance: spotify_minio_to_snowflake_bronze.load_raw_to_snowflake scheduled__2026-02-15T13:00:00+00:00 [queued]>
[2026-02-15T14:00:49.222+0000] {taskinstance.py:2076} INFO - Dependencies all met for dep_context=requeueable deps ti=<TaskInstance: spotify_minio_to_snowflake_bronze.load_raw_to_snowflake scheduled__2026-02-15T13:00:00+00:00 [queued]>
[2026-02-15T14:00:49.226+0000] {taskinstance.py:2306} INFO - Starting attempt 1 of 2
[2026-02-15T14:00:49.414+0000] {taskinstance.py:2330} INFO - Executing <Task(PythonOperator): load_raw_to_snowflake> on 2026-02-15 13:00:00+00:00
[2026-02-15T14:00:49.468+0000] {standard_task_runner.py:90} INFO - Running: ['airflow', 'tasks', 'run', 'spotify_minio_to_snowflake_bronze', 'load_raw_to_snowflake', 'scheduled__2026-02-15T13:00:00+00:00', '--job-id', '19', '--raw', '--subdir', 'DAGS_FOLDER/minio_to_snowflake.py', '--cfg-path', '/tmp/tmpwz3a9pno']
[2026-02-15T14:00:49.497+0000] {standard_task_runner.py:91} INFO - Job 19: Subtask load_raw_to_snowflake
[2026-02-15T14:00:49.507+0000] {logging_mixin.py:188} WARNING - /home/airflow/.local/lib/python3.12/site-packages/airflow/task/task_runner/standard_task_runner.py:62 DeprecationWarning: This process (pid=2329) is multi-threaded, use of fork() may lead to deadlocks in the child.
[2026-02-15T14:00:49.517+0000] {standard_task_runner.py:64} INFO - Started process 2332 to run task
[2026-02-15T14:00:49.978+0000] {task_command.py:426} INFO - Running <TaskInstance: spotify_minio_to_snowflake_bronze.load_raw_to_snowflake scheduled__2026-02-15T13:00:00+00:00 [running]> on host d4827e0e990b
[2026-02-15T14:00:50.452+0000] {taskinstance.py:2648} INFO - Exporting env vars: AIRFLOW_CTX_DAG_OWNER='airflow' AIRFLOW_CTX_DAG_ID='spotify_minio_to_snowflake_bronze' AIRFLOW_CTX_TASK_ID='load_raw_to_snowflake' AIRFLOW_CTX_EXECUTION_DATE='2026-02-15T13:00:00+00:00' AIRFLOW_CTX_TRY_NUMBER='1' AIRFLOW_CTX_DAG_RUN_ID='scheduled__2026-02-15T13:00:00+00:00'
[2026-02-15T14:00:50.456+0000] {taskinstance.py:430} INFO - ::endgroup::
[2026-02-15T14:00:50.649+0000] {connection.py:408} INFO - Snowflake Connector for Python Version: 3.11.0, Python Version: 3.12.4, Platform: Linux-5.15.146.1-microsoft-standard-WSL2-x86_64-with-glibc2.36
[2026-02-15T14:00:50.653+0000] {connection.py:1258} INFO - This connection is in OCSP Fail Open Mode. TLS Certificates would be checked for validity and revocation status. Any other Certificate Revocation related exceptions or OCSP Responder failures would be disregarded in favor of connectivity.
[2026-02-15T14:00:55.211+0000] {cursor.py:1149} INFO - Number of results in first chunk: 1
[2026-02-15T14:00:55.429+0000] {cursor.py:1149} INFO - Number of results in first chunk: 1
[2026-02-15T14:00:55.783+0000] {cursor.py:1149} INFO - Number of results in first chunk: 1
[2026-02-15T14:00:56.111+0000] {cursor.py:1149} INFO - Number of results in first chunk: 1
[2026-02-15T14:02:10.858+0000] {cursor.py:1149} INFO - Number of results in first chunk: 1
[2026-02-15T14:02:11.276+0000] {cursor.py:1149} INFO - Number of results in first chunk: 1
[2026-02-15T14:02:11.502+0000] {cursor.py:1149} INFO - Number of results in first chunk: 1
[2026-02-15T14:02:11.511+0000] {connection.py:773} INFO - closed
[2026-02-15T14:02:11.746+0000] {connection.py:779} INFO - No async queries seem to be running, deleting session
[2026-02-15T14:02:11.966+0000] {logging_mixin.py:188} INFO - Processed 120 events from MinIO
[2026-02-15T14:02:11.969+0000] {logging_mixin.py:188} INFO - Inserted 0 new records into Snowflake table: SPOTIFY_EVENTS_BRONZE
[2026-02-15T14:02:11.971+0000] {logging_mixin.py:188} INFO - ℹSkipped 120 duplicate records
[2026-02-15T14:02:11.973+0000] {python.py:237} INFO - Done. Returned value was: None
[2026-02-15T14:02:11.976+0000] {taskinstance.py:441} INFO - ::group::Post task execution logs
[2026-02-15T14:02:12.980+0000] {taskinstance.py:1206} INFO - Marking task as SUCCESS. dag_id=spotify_minio_to_snowflake_bronze, task_id=load_raw_to_snowflake, run_id=scheduled__2026-02-15T13:00:00+00:00, execution_date=20260215T130000, start_date=20260215T140049, end_date=20260215T140212
[2026-02-15T14:02:14.150+0000] {local_task_job_runner.py:243} INFO - Task exited with return code 0
[2026-02-15T14:02:14.274+0000] {taskinstance.py:3503} INFO - 0 downstream tasks scheduled from follow-on schedule check
[2026-02-15T14:02:14.296+0000] {local_task_job_runner.py:222} INFO - ::endgroup::
