[0m17:44:02.188942 [debug] [MainThread]: Sending event: {'category': 'dbt', 'action': 'invocation', 'label': 'start', 'context': [<snowplow_tracker.self_describing_json.SelfDescribingJson object at 0x00000195A4940C20>, <snowplow_tracker.self_describing_json.SelfDescribingJson object at 0x00000195A5A9BED0>, <snowplow_tracker.self_describing_json.SelfDescribingJson object at 0x00000195A5A9BB10>]}


============================== 17:44:02.215165 | 9b1a703c-dcec-48d4-b30d-09acf3384fe5 ==============================
[0m17:44:02.215165 [info ] [MainThread]: Running with dbt=1.11.5
[0m17:44:02.218646 [debug] [MainThread]: running dbt with arguments {'static_parser': 'True', 'no_print': 'None', 'version_check': 'True', 'warn_error_options': 'WarnErrorOptionsV2(error=[], warn=[], silence=[])', 'target_path': 'None', 'printer_width': '80', 'write_json': 'True', 'empty': 'None', 'log_cache_events': 'False', 'introspect': 'True', 'cache_selected_only': 'False', 'log_format': 'default', 'debug': 'False', 'fail_fast': 'False', 'partial_parse': 'True', 'send_anonymous_usage_stats': 'True', 'quiet': 'False', 'warn_error': 'None', 'profiles_dir': 'C:\\Users\\Kunal Vijay\\.dbt', 'indirect_selection': 'eager', 'use_colors': 'True', 'invocation_command': 'dbt init', 'use_experimental_parser': 'False', 'log_path': 'logs'}
[0m17:44:02.366331 [info ] [MainThread]: Creating dbt configuration folder at C:\Users\Kunal Vijay\.dbt
[0m17:44:27.576955 [debug] [MainThread]: Starter project path: C:\Users\Kunal Vijay\Documents\GitHub\Spotify-Realtime-Data-Pipeline\venv\Lib\site-packages\dbt\include\starter_project
[0m17:44:27.909164 [info ] [MainThread]: 
Your new dbt project "spotify_dbt" was created!

For more information on how to configure the profiles.yml file,
please consult the dbt documentation here:

  https://docs.getdbt.com/docs/configure-your-profile

One more thing:

Need help? Don't hesitate to reach out to us via GitHub issues or on Slack:

  https://community.getdbt.com/

Happy modeling!

[0m17:44:27.915097 [info ] [MainThread]: Setting up your profile.
[0m17:45:00.695452 [debug] [MainThread]: Snowflake adapter: Setting snowflake.connector to ERROR (file logging only)
[0m17:45:00.699469 [debug] [MainThread]: Snowflake adapter: Setting botocore to ERROR (file logging only)
[0m17:45:00.703185 [debug] [MainThread]: Snowflake adapter: Setting boto3 to ERROR (file logging only)
[0m17:50:13.528701 [info ] [MainThread]: Profile spotify_dbt written to C:\Users\Kunal Vijay\.dbt\profiles.yml using target's profile_template.yml and your supplied values. Run 'dbt debug' to validate the connection.
[0m17:50:13.546565 [debug] [MainThread]: Command `dbt init` succeeded at 17:50:13.545394 after 372.43 seconds
[0m17:50:13.550496 [debug] [MainThread]: Sending event: {'category': 'dbt', 'action': 'invocation', 'label': 'end', 'context': [<snowplow_tracker.self_describing_json.SelfDescribingJson object at 0x00000195A7CC9E00>, <snowplow_tracker.self_describing_json.SelfDescribingJson object at 0x00000195A6B217F0>, <snowplow_tracker.self_describing_json.SelfDescribingJson object at 0x00000195A7C42580>]}
[0m17:50:13.555173 [debug] [MainThread]: Flushing usage events
[0m17:50:18.543589 [debug] [MainThread]: An error was encountered while trying to flush usage events
